<?xml version="1.0" encoding="UTF-8"?>
<testng-results skipped="0" failed="0" ignored="0" total="2" passed="2">
  <reporter-output>
  </reporter-output>
  <suite name="Default suite" duration-ms="48242" started-at="2021-02-06T17:19:43 IST" finished-at="2021-02-06T17:20:31 IST">
    <groups>
      <group name="cucumber">
        <method signature="AbstractTestNGCucumberTests.runScenario(io.cucumber.testng.PickleWrapper, io.cucumber.testng.FeatureWrapper)[pri:0, instance:tests.Runner1@74a10858]" name="runScenario" class="io.cucumber.testng.AbstractTestNGCucumberTests"/>
      </group> <!-- cucumber -->
    </groups>
    <test name="Default test" duration-ms="48242" started-at="2021-02-06T17:19:43 IST" finished-at="2021-02-06T17:20:31 IST">
      <class name="tests.Runner1">
        <test-method status="PASS" signature="setUpClass()[pri:0, instance:tests.Runner1@74a10858]" name="setUpClass" is-config="true" duration-ms="743" started-at="2021-02-06T17:19:43 IST" finished-at="2021-02-06T17:19:44 IST">
          <reporter-output>
          </reporter-output>
        </test-method> <!-- setUpClass -->
        <test-method status="PASS" signature="runScenario(io.cucumber.testng.PickleWrapper, io.cucumber.testng.FeatureWrapper)[pri:0, instance:tests.Runner1@74a10858]" name="runScenario" duration-ms="30524" started-at="2021-02-06T17:19:44 IST" description="Runs Cucumber Scenarios" data-provider="scenarios" finished-at="2021-02-06T17:20:14 IST">
          <params>
            <param index="0">
              <value>
                <![CDATA["Google title test"]]>
              </value>
            </param>
            <param index="1">
              <value>
                <![CDATA["Optional[Google and Gmail title test scenarios]"]]>
              </value>
            </param>
          </params>
          <reporter-output>
          </reporter-output>
        </test-method> <!-- runScenario -->
        <test-method status="PASS" signature="runScenario(io.cucumber.testng.PickleWrapper, io.cucumber.testng.FeatureWrapper)[pri:0, instance:tests.Runner1@74a10858]" name="runScenario" duration-ms="16784" started-at="2021-02-06T17:20:14 IST" description="Runs Cucumber Scenarios" data-provider="scenarios" finished-at="2021-02-06T17:20:31 IST">
          <params>
            <param index="0">
              <value>
                <![CDATA["Gmail title test"]]>
              </value>
            </param>
            <param index="1">
              <value>
                <![CDATA["Optional[Google and Gmail title test scenarios]"]]>
              </value>
            </param>
          </params>
          <reporter-output>
          </reporter-output>
        </test-method> <!-- runScenario -->
        <test-method status="PASS" signature="tearDownClass()[pri:0, instance:tests.Runner1@74a10858]" name="tearDownClass" is-config="true" duration-ms="132" started-at="2021-02-06T17:20:31 IST" finished-at="2021-02-06T17:20:31 IST">
          <reporter-output>
          </reporter-output>
        </test-method> <!-- tearDownClass -->
      </class> <!-- tests.Runner1 -->
    </test> <!-- Default test -->
  </suite> <!-- Default suite -->
</testng-results>
